<?xml version="1.0" encoding="UTF-8"?>
<coverage generated="1623723407452" clover="3.2.0">
  <project timestamp="1623723407452" name="All files">
    <metrics statements="58" coveredstatements="7" conditionals="18" coveredconditionals="0" methods="16" coveredmethods="0" elements="92" coveredelements="7" complexity="0" loc="58" ncloc="58" packages="1" files="5" classes="5"/>
    <file name="extraRuns2016.js" path="/home/gopal/Documents/ipl/mbcjs-16-1-ipl-Gopalkrishna-art/IPPPPL/ipl/ipl/extraRuns2016.js">
      <metrics statements="14" coveredstatements="2" conditionals="3" coveredconditionals="0" methods="5" coveredmethods="0"/>
      <line num="1" count="1" type="cond" truecount="0" falsecount="1"/>
      <line num="2" count="0" type="stmt"/>
      <line num="3" count="0" type="stmt"/>
      <line num="5" count="0" type="stmt"/>
      <line num="6" count="0" type="stmt"/>
      <line num="7" count="0" type="stmt"/>
      <line num="10" count="0" type="stmt"/>
      <line num="11" count="0" type="stmt"/>
      <line num="13" count="0" type="cond" truecount="0" falsecount="2"/>
      <line num="14" count="0" type="stmt"/>
      <line num="16" count="0" type="stmt"/>
      <line num="17" count="0" type="stmt"/>
      <line num="18" count="0" type="stmt"/>
      <line num="22" count="1" type="stmt"/>
    </file>
    <file name="matchesPlayedPerYear.js" path="/home/gopal/Documents/ipl/mbcjs-16-1-ipl-Gopalkrishna-art/IPPPPL/ipl/ipl/matchesPlayedPerYear.js">
      <metrics statements="7" coveredstatements="1" conditionals="2" coveredconditionals="0" methods="2" coveredmethods="0"/>
      <line num="2" count="0" type="stmt"/>
      <line num="3" count="0" type="cond" truecount="0" falsecount="2"/>
      <line num="4" count="0" type="stmt"/>
      <line num="6" count="0" type="stmt"/>
      <line num="8" count="0" type="stmt"/>
      <line num="9" count="0" type="stmt"/>
      <line num="12" count="1" type="stmt"/>
    </file>
    <file name="matchesWonPerTeam.js" path="/home/gopal/Documents/ipl/mbcjs-16-1-ipl-Gopalkrishna-art/IPPPPL/ipl/ipl/matchesWonPerTeam.js">
      <metrics statements="9" coveredstatements="1" conditionals="4" coveredconditionals="0" methods="2" coveredmethods="0"/>
      <line num="2" count="0" type="stmt"/>
      <line num="3" count="0" type="cond" truecount="0" falsecount="2"/>
      <line num="4" count="0" type="stmt"/>
      <line num="6" count="0" type="cond" truecount="0" falsecount="2"/>
      <line num="7" count="0" type="stmt"/>
      <line num="9" count="0" type="stmt"/>
      <line num="11" count="0" type="stmt"/>
      <line num="12" count="0" type="stmt"/>
      <line num="17" count="1" type="stmt"/>
    </file>
    <file name="topEconomicalBowlers.js" path="/home/gopal/Documents/ipl/mbcjs-16-1-ipl-Gopalkrishna-art/IPPPPL/ipl/ipl/topEconomicalBowlers.js">
      <metrics statements="21" coveredstatements="2" conditionals="7" coveredconditionals="0" methods="5" coveredmethods="0"/>
      <line num="2" count="1" type="cond" truecount="0" falsecount="1"/>
      <line num="3" count="0" type="stmt"/>
      <line num="4" count="0" type="stmt"/>
      <line num="5" count="0" type="cond" truecount="0" falsecount="2"/>
      <line num="6" count="0" type="stmt"/>
      <line num="9" count="0" type="stmt"/>
      <line num="10" count="0" type="cond" truecount="0" falsecount="2"/>
      <line num="11" count="0" type="cond" truecount="0" falsecount="2"/>
      <line num="12" count="0" type="stmt"/>
      <line num="17" count="0" type="stmt"/>
      <line num="21" count="0" type="stmt"/>
      <line num="22" count="0" type="stmt"/>
      <line num="28" count="0" type="stmt"/>
      <line num="29" count="0" type="stmt"/>
      <line num="32" count="0" type="stmt"/>
      <line num="33" count="0" type="stmt"/>
      <line num="36" count="0" type="stmt"/>
      <line num="37" count="0" type="stmt"/>
      <line num="39" count="0" type="stmt"/>
      <line num="40" count="0" type="stmt"/>
      <line num="42" count="1" type="stmt"/>
    </file>
    <file name="writeData.js" path="/home/gopal/Documents/ipl/mbcjs-16-1-ipl-Gopalkrishna-art/IPPPPL/ipl/ipl/writeData.js">
      <metrics statements="7" coveredstatements="1" conditionals="2" coveredconditionals="0" methods="2" coveredmethods="0"/>
      <line num="2" count="0" type="stmt"/>
      <line num="3" count="0" type="stmt"/>
      <line num="4" count="0" type="stmt"/>
      <line num="5" count="0" type="cond" truecount="0" falsecount="2"/>
      <line num="6" count="0" type="stmt"/>
      <line num="9" count="0" type="stmt"/>
      <line num="12" count="1" type="stmt"/>
    </file>
  </project>
</coverage>
