{"/home/gopal/Documents/ipl/mbcjs-16-1-ipl-Gopalkrishna-art/IPPPPL/ipl/ipl/extraRuns2016.js": {"path":"/home/gopal/Documents/ipl/mbcjs-16-1-ipl-Gopalkrishna-art/IPPPPL/ipl/ipl/extraRuns2016.js","statementMap":{"0":{"start":{"line":1,"column":22},"end":{"line":20,"column":1}},"1":{"start":{"line":2,"column":17},"end":{"line":8,"column":10}},"2":{"start":{"line":3,"column":21},"end":{"line":3,"column":44}},"3":{"start":{"line":5,"column":6},"end":{"line":5,"column":30}},"4":{"start":{"line":6,"column":6},"end":{"line":6,"column":25}},"5":{"start":{"line":7,"column":6},"end":{"line":7,"column":19}},"6":{"start":{"line":10,"column":2},"end":{"line":19,"column":11}},"7":{"start":{"line":11,"column":24},"end":{"line":11,"column":51}},"8":{"start":{"line":13,"column":6},"end":{"line":15,"column":7}},"9":{"start":{"line":14,"column":8},"end":{"line":14,"column":45}},"10":{"start":{"line":16,"column":6},"end":{"line":16,"column":72}},"11":{"start":{"line":17,"column":6},"end":{"line":17,"column":29}},"12":{"start":{"line":18,"column":6},"end":{"line":18,"column":23}},"13":{"start":{"line":22,"column":0},"end":{"line":22,"column":31}}},"fnMap":{"0":{"name":"(anonymous_0)","decl":{"start":{"line":1,"column":22},"end":{"line":1,"column":23}},"loc":{"start":{"line":1,"column":64},"end":{"line":20,"column":1}},"line":1},"1":{"name":"(anonymous_1)","decl":{"start":{"line":3,"column":12},"end":{"line":3,"column":13}},"loc":{"start":{"line":3,"column":21},"end":{"line":3,"column":44}},"line":3},"2":{"name":"(anonymous_2)","decl":{"start":{"line":4,"column":12},"end":{"line":4,"column":13}},"loc":{"start":{"line":4,"column":30},"end":{"line":8,"column":5}},"line":4},"3":{"name":"(anonymous_3)","decl":{"start":{"line":11,"column":12},"end":{"line":11,"column":13}},"loc":{"start":{"line":11,"column":24},"end":{"line":11,"column":51}},"line":11},"4":{"name":"(anonymous_4)","decl":{"start":{"line":12,"column":12},"end":{"line":12,"column":13}},"loc":{"start":{"line":12,"column":37},"end":{"line":19,"column":5}},"line":12}},"branchMap":{"0":{"loc":{"start":{"line":1,"column":44},"end":{"line":1,"column":59}},"type":"default-arg","locations":[{"start":{"line":1,"column":53},"end":{"line":1,"column":59}}],"line":1},"1":{"loc":{"start":{"line":13,"column":6},"end":{"line":15,"column":7}},"type":"if","locations":[{"start":{"line":13,"column":6},"end":{"line":15,"column":7}},{"start":{"line":13,"column":6},"end":{"line":15,"column":7}}],"line":13}},"s":{"0":1,"1":0,"2":0,"3":0,"4":0,"5":0,"6":0,"7":0,"8":0,"9":0,"10":0,"11":0,"12":0,"13":1},"f":{"0":0,"1":0,"2":0,"3":0,"4":0},"b":{"0":[0],"1":[0,0]},"_coverageSchema":"1a1c01bbd47fc00a2c39e90264f33305004495a9","hash":"a21a2ef6fe9ae62bf5c678e193c541efb426af4b"}
,"/home/gopal/Documents/ipl/mbcjs-16-1-ipl-Gopalkrishna-art/IPPPPL/ipl/ipl/matchesPlayedPerYear.js": {"path":"/home/gopal/Documents/ipl/mbcjs-16-1-ipl-Gopalkrishna-art/IPPPPL/ipl/ipl/matchesPlayedPerYear.js","statementMap":{"0":{"start":{"line":2,"column":4},"end":{"line":10,"column":11}},"1":{"start":{"line":3,"column":8},"end":{"line":7,"column":9}},"2":{"start":{"line":4,"column":12},"end":{"line":4,"column":37}},"3":{"start":{"line":6,"column":12},"end":{"line":6,"column":36}},"4":{"start":{"line":8,"column":8},"end":{"line":8,"column":27}},"5":{"start":{"line":9,"column":8},"end":{"line":9,"column":21}},"6":{"start":{"line":12,"column":0},"end":{"line":12,"column":38}}},"fnMap":{"0":{"name":"matchesPlayedPerYear","decl":{"start":{"line":1,"column":9},"end":{"line":1,"column":29}},"loc":{"start":{"line":1,"column":39},"end":{"line":11,"column":1}},"line":1},"1":{"name":"(anonymous_1)","decl":{"start":{"line":2,"column":26},"end":{"line":2,"column":27}},"loc":{"start":{"line":2,"column":44},"end":{"line":10,"column":5}},"line":2}},"branchMap":{"0":{"loc":{"start":{"line":3,"column":8},"end":{"line":7,"column":9}},"type":"if","locations":[{"start":{"line":3,"column":8},"end":{"line":7,"column":9}},{"start":{"line":3,"column":8},"end":{"line":7,"column":9}}],"line":3}},"s":{"0":0,"1":0,"2":0,"3":0,"4":0,"5":0,"6":1},"f":{"0":0,"1":0},"b":{"0":[0,0]},"_coverageSchema":"1a1c01bbd47fc00a2c39e90264f33305004495a9","hash":"56b5a857313affda68218c77fbb0c81797c11c8b"}
,"/home/gopal/Documents/ipl/mbcjs-16-1-ipl-Gopalkrishna-art/IPPPPL/ipl/ipl/matchesWonPerTeam.js": {"path":"/home/gopal/Documents/ipl/mbcjs-16-1-ipl-Gopalkrishna-art/IPPPPL/ipl/ipl/matchesWonPerTeam.js","statementMap":{"0":{"start":{"line":2,"column":4},"end":{"line":14,"column":11}},"1":{"start":{"line":3,"column":8},"end":{"line":5,"column":9}},"2":{"start":{"line":4,"column":12},"end":{"line":4,"column":37}},"3":{"start":{"line":6,"column":8},"end":{"line":10,"column":9}},"4":{"start":{"line":7,"column":12},"end":{"line":7,"column":51}},"5":{"start":{"line":9,"column":12},"end":{"line":9,"column":50}},"6":{"start":{"line":11,"column":8},"end":{"line":11,"column":27}},"7":{"start":{"line":12,"column":8},"end":{"line":12,"column":21}},"8":{"start":{"line":17,"column":0},"end":{"line":17,"column":35}}},"fnMap":{"0":{"name":"matchesWonPerTeam","decl":{"start":{"line":1,"column":9},"end":{"line":1,"column":26}},"loc":{"start":{"line":1,"column":36},"end":{"line":16,"column":1}},"line":1},"1":{"name":"(anonymous_1)","decl":{"start":{"line":2,"column":26},"end":{"line":2,"column":27}},"loc":{"start":{"line":2,"column":44},"end":{"line":14,"column":5}},"line":2}},"branchMap":{"0":{"loc":{"start":{"line":3,"column":8},"end":{"line":5,"column":9}},"type":"if","locations":[{"start":{"line":3,"column":8},"end":{"line":5,"column":9}},{"start":{"line":3,"column":8},"end":{"line":5,"column":9}}],"line":3},"1":{"loc":{"start":{"line":6,"column":8},"end":{"line":10,"column":9}},"type":"if","locations":[{"start":{"line":6,"column":8},"end":{"line":10,"column":9}},{"start":{"line":6,"column":8},"end":{"line":10,"column":9}}],"line":6}},"s":{"0":0,"1":0,"2":0,"3":0,"4":0,"5":0,"6":0,"7":0,"8":1},"f":{"0":0,"1":0},"b":{"0":[0,0],"1":[0,0]},"_coverageSchema":"1a1c01bbd47fc00a2c39e90264f33305004495a9","hash":"de5ad754e73d35a4ff638dc3461d928ae41efdea"}
,"/home/gopal/Documents/ipl/mbcjs-16-1-ipl-Gopalkrishna-art/IPPPPL/ipl/ipl/topEconomicalBowlers.js": {"path":"/home/gopal/Documents/ipl/mbcjs-16-1-ipl-Gopalkrishna-art/IPPPPL/ipl/ipl/topEconomicalBowlers.js","statementMap":{"0":{"start":{"line":2,"column":29},"end":{"line":41,"column":3}},"1":{"start":{"line":3,"column":19},"end":{"line":3,"column":21}},"2":{"start":{"line":4,"column":4},"end":{"line":8,"column":7}},"3":{"start":{"line":5,"column":6},"end":{"line":7,"column":7}},"4":{"start":{"line":6,"column":8},"end":{"line":6,"column":35}},"5":{"start":{"line":9,"column":23},"end":{"line":31,"column":10}},"6":{"start":{"line":10,"column":6},"end":{"line":27,"column":7}},"7":{"start":{"line":11,"column":8},"end":{"line":16,"column":9}},"8":{"start":{"line":12,"column":10},"end":{"line":15,"column":12}},"9":{"start":{"line":17,"column":8},"end":{"line":20,"column":42}},"10":{"start":{"line":21,"column":8},"end":{"line":21,"column":50}},"11":{"start":{"line":22,"column":8},"end":{"line":26,"column":21}},"12":{"start":{"line":28,"column":6},"end":{"line":28,"column":30}},"13":{"start":{"line":29,"column":6},"end":{"line":29,"column":24}},"14":{"start":{"line":32,"column":31},"end":{"line":38,"column":12}},"15":{"start":{"line":33,"column":22},"end":{"line":33,"column":49}},"16":{"start":{"line":36,"column":8},"end":{"line":36,"column":70}},"17":{"start":{"line":37,"column":8},"end":{"line":37,"column":34}},"18":{"start":{"line":39,"column":6},"end":{"line":39,"column":38}},"19":{"start":{"line":40,"column":4},"end":{"line":40,"column":30}},"20":{"start":{"line":42,"column":2},"end":{"line":42,"column":40}}},"fnMap":{"0":{"name":"(anonymous_0)","decl":{"start":{"line":2,"column":29},"end":{"line":2,"column":30}},"loc":{"start":{"line":2,"column":70},"end":{"line":41,"column":3}},"line":2},"1":{"name":"(anonymous_1)","decl":{"start":{"line":4,"column":20},"end":{"line":4,"column":21}},"loc":{"start":{"line":4,"column":29},"end":{"line":8,"column":5}},"line":4},"2":{"name":"(anonymous_2)","decl":{"start":{"line":9,"column":41},"end":{"line":9,"column":42}},"loc":{"start":{"line":9,"column":67},"end":{"line":31,"column":5}},"line":9},"3":{"name":"(anonymous_3)","decl":{"start":{"line":33,"column":12},"end":{"line":33,"column":13}},"loc":{"start":{"line":33,"column":22},"end":{"line":33,"column":49}},"line":33},"4":{"name":"(anonymous_4)","decl":{"start":{"line":35,"column":14},"end":{"line":35,"column":15}},"loc":{"start":{"line":35,"column":46},"end":{"line":38,"column":7}},"line":35}},"branchMap":{"0":{"loc":{"start":{"line":2,"column":51},"end":{"line":2,"column":65}},"type":"default-arg","locations":[{"start":{"line":2,"column":59},"end":{"line":2,"column":65}}],"line":2},"1":{"loc":{"start":{"line":5,"column":6},"end":{"line":7,"column":7}},"type":"if","locations":[{"start":{"line":5,"column":6},"end":{"line":7,"column":7}},{"start":{"line":5,"column":6},"end":{"line":7,"column":7}}],"line":5},"2":{"loc":{"start":{"line":10,"column":6},"end":{"line":27,"column":7}},"type":"if","locations":[{"start":{"line":10,"column":6},"end":{"line":27,"column":7}},{"start":{"line":10,"column":6},"end":{"line":27,"column":7}}],"line":10},"3":{"loc":{"start":{"line":11,"column":8},"end":{"line":16,"column":9}},"type":"if","locations":[{"start":{"line":11,"column":8},"end":{"line":16,"column":9}},{"start":{"line":11,"column":8},"end":{"line":16,"column":9}}],"line":11}},"s":{"0":1,"1":0,"2":0,"3":0,"4":0,"5":0,"6":0,"7":0,"8":0,"9":0,"10":0,"11":0,"12":0,"13":0,"14":0,"15":0,"16":0,"17":0,"18":0,"19":0,"20":1},"f":{"0":0,"1":0,"2":0,"3":0,"4":0},"b":{"0":[0],"1":[0,0],"2":[0,0],"3":[0,0]},"_coverageSchema":"1a1c01bbd47fc00a2c39e90264f33305004495a9","hash":"a2f20e88bd98328e306023fc7237f83f73f36b67"}
,"/home/gopal/Documents/ipl/mbcjs-16-1-ipl-Gopalkrishna-art/IPPPPL/ipl/ipl/writeData.js": {"path":"/home/gopal/Documents/ipl/mbcjs-16-1-ipl-Gopalkrishna-art/IPPPPL/ipl/ipl/writeData.js","statementMap":{"0":{"start":{"line":2,"column":4},"end":{"line":10,"column":5}},"1":{"start":{"line":3,"column":22},"end":{"line":3,"column":44}},"2":{"start":{"line":4,"column":6},"end":{"line":7,"column":9}},"3":{"start":{"line":5,"column":8},"end":{"line":5,"column":27}},"4":{"start":{"line":5,"column":17},"end":{"line":5,"column":27}},"5":{"start":{"line":6,"column":8},"end":{"line":6,"column":45}},"6":{"start":{"line":9,"column":6},"end":{"line":9,"column":23}},"7":{"start":{"line":12,"column":2},"end":{"line":12,"column":27}}},"fnMap":{"0":{"name":"writeData","decl":{"start":{"line":1,"column":9},"end":{"line":1,"column":18}},"loc":{"start":{"line":1,"column":33},"end":{"line":11,"column":3}},"line":1},"1":{"name":"(anonymous_1)","decl":{"start":{"line":4,"column":34},"end":{"line":4,"column":35}},"loc":{"start":{"line":4,"column":49},"end":{"line":7,"column":7}},"line":4}},"branchMap":{"0":{"loc":{"start":{"line":5,"column":8},"end":{"line":5,"column":27}},"type":"if","locations":[{"start":{"line":5,"column":8},"end":{"line":5,"column":27}},{"start":{"line":5,"column":8},"end":{"line":5,"column":27}}],"line":5}},"s":{"0":0,"1":0,"2":0,"3":0,"4":0,"5":0,"6":0,"7":1},"f":{"0":0,"1":0},"b":{"0":[0,0]},"_coverageSchema":"1a1c01bbd47fc00a2c39e90264f33305004495a9","hash":"c9e2b7b2884a3c6e58cef41002dad1f20cd4d66f"}
}
